<?xml version="1.0" encoding="UTF-8"?>
<testng-results ignored="0" total="57" passed="56" failed="1" skipped="0">
  <reporter-output>
  </reporter-output>
  <suite started-at="2023-07-27T11:34:07 EDT" name="Default suite" finished-at="2023-07-27T11:34:30 EDT" duration-ms="22821">
    <groups>
      <group name="cucumber">
        <method signature="AbstractTestNGCucumberTests.runScenario(io.cucumber.testng.PickleWrapper,io.cucumber.testng.FeatureWrapper)[pri:0, instance:runner.LMSRestAssured_Runner@62379589]" name="runScenario" class="io.cucumber.testng.AbstractTestNGCucumberTests"/>
      </group> <!-- cucumber -->
    </groups>
    <test started-at="2023-07-27T11:34:07 EDT" name="Default test" finished-at="2023-07-27T11:34:30 EDT" duration-ms="22821">
      <class name="runner.LMSRestAssured_Runner">
        <test-method is-config="true" signature="setUpClass(org.testng.ITestContext)[pri:0, instance:runner.LMSRestAssured_Runner@62379589]" started-at="2023-07-27T11:34:07 EDT" name="setUpClass" finished-at="2023-07-27T11:34:08 EDT" duration-ms="723" status="PASS">
          <params>
            <param index="0">
              <value>
                <![CDATA[org.testng.TestRunner@192f807]]>
              </value>
            </param>
          </params>
          <reporter-output>
          </reporter-output>
        </test-method> <!-- setUpClass -->
        <test-method signature="runScenario(io.cucumber.testng.PickleWrapper,io.cucumber.testng.FeatureWrapper)[pri:0, instance:runner.LMSRestAssured_Runner@62379589]" started-at="2023-07-27T11:34:08 EDT" name="runScenario" description="Runs Cucumber Scenarios" data-provider="scenarios" finished-at="2023-07-27T11:34:12 EDT" duration-ms="3695" status="PASS">
          <params>
            <param index="0">
              <value>
                <![CDATA["create users with valid endpoint and request body from excelsheet "Sheet1" and 0"]]>
              </value>
            </param>
            <param index="1">
              <value>
                <![CDATA["create different user and validate all users"]]>
              </value>
            </param>
          </params>
          <reporter-output>
          </reporter-output>
        </test-method> <!-- runScenario -->
        <test-method signature="runScenario(io.cucumber.testng.PickleWrapper,io.cucumber.testng.FeatureWrapper)[pri:0, instance:runner.LMSRestAssured_Runner@62379589]" started-at="2023-07-27T11:34:12 EDT" name="runScenario" description="Runs Cucumber Scenarios" data-provider="scenarios" finished-at="2023-07-27T11:34:12 EDT" duration-ms="322" status="PASS">
          <params>
            <param index="0">
              <value>
                <![CDATA["create users with valid endpoint and request body from excelsheet "Sheet1" and 1"]]>
              </value>
            </param>
            <param index="1">
              <value>
                <![CDATA["create different user and validate all users"]]>
              </value>
            </param>
          </params>
          <reporter-output>
          </reporter-output>
        </test-method> <!-- runScenario -->
        <test-method signature="runScenario(io.cucumber.testng.PickleWrapper,io.cucumber.testng.FeatureWrapper)[pri:0, instance:runner.LMSRestAssured_Runner@62379589]" started-at="2023-07-27T11:34:12 EDT" name="runScenario" description="Runs Cucumber Scenarios" data-provider="scenarios" finished-at="2023-07-27T11:34:12 EDT" duration-ms="264" status="PASS">
          <params>
            <param index="0">
              <value>
                <![CDATA["create users with valid endpoint and request body from excelsheet "Sheet1" and 2"]]>
              </value>
            </param>
            <param index="1">
              <value>
                <![CDATA["create different user and validate all users"]]>
              </value>
            </param>
          </params>
          <reporter-output>
          </reporter-output>
        </test-method> <!-- runScenario -->
        <test-method signature="runScenario(io.cucumber.testng.PickleWrapper,io.cucumber.testng.FeatureWrapper)[pri:0, instance:runner.LMSRestAssured_Runner@62379589]" started-at="2023-07-27T11:34:12 EDT" name="runScenario" description="Runs Cucumber Scenarios" data-provider="scenarios" finished-at="2023-07-27T11:34:13 EDT" duration-ms="203" status="PASS">
          <params>
            <param index="0">
              <value>
                <![CDATA["create users with valid endpoint with existing phone no and missing mandatory fields request body from excelsheet "Sheet1" and 3"]]>
              </value>
            </param>
            <param index="1">
              <value>
                <![CDATA["create different user and validate all users"]]>
              </value>
            </param>
          </params>
          <reporter-output>
          </reporter-output>
        </test-method> <!-- runScenario -->
        <test-method signature="runScenario(io.cucumber.testng.PickleWrapper,io.cucumber.testng.FeatureWrapper)[pri:0, instance:runner.LMSRestAssured_Runner@62379589]" started-at="2023-07-27T11:34:13 EDT" name="runScenario" description="Runs Cucumber Scenarios" data-provider="scenarios" finished-at="2023-07-27T11:34:13 EDT" duration-ms="193" status="PASS">
          <params>
            <param index="0">
              <value>
                <![CDATA["create users with valid endpoint with existing phone no and missing mandatory fields request body from excelsheet "Sheet1" and 4"]]>
              </value>
            </param>
            <param index="1">
              <value>
                <![CDATA["create different user and validate all users"]]>
              </value>
            </param>
          </params>
          <reporter-output>
          </reporter-output>
        </test-method> <!-- runScenario -->
        <test-method signature="runScenario(io.cucumber.testng.PickleWrapper,io.cucumber.testng.FeatureWrapper)[pri:0, instance:runner.LMSRestAssured_Runner@62379589]" started-at="2023-07-27T11:34:13 EDT" name="runScenario" description="Runs Cucumber Scenarios" data-provider="scenarios" finished-at="2023-07-27T11:34:13 EDT" duration-ms="187" status="PASS">
          <params>
            <param index="0">
              <value>
                <![CDATA["create users with valid endpoint with existing phone no and missing mandatory fields request body from excelsheet "Sheet1" and 5"]]>
              </value>
            </param>
            <param index="1">
              <value>
                <![CDATA["create different user and validate all users"]]>
              </value>
            </param>
          </params>
          <reporter-output>
          </reporter-output>
        </test-method> <!-- runScenario -->
        <test-method signature="runScenario(io.cucumber.testng.PickleWrapper,io.cucumber.testng.FeatureWrapper)[pri:0, instance:runner.LMSRestAssured_Runner@62379589]" started-at="2023-07-27T11:34:13 EDT" name="runScenario" description="Runs Cucumber Scenarios" data-provider="scenarios" finished-at="2023-07-27T11:34:13 EDT" duration-ms="178" status="PASS">
          <params>
            <param index="0">
              <value>
                <![CDATA["create users with valid endpoint with existing phone no and missing mandatory fields request body from excelsheet "Sheet1" and 6"]]>
              </value>
            </param>
            <param index="1">
              <value>
                <![CDATA["create different user and validate all users"]]>
              </value>
            </param>
          </params>
          <reporter-output>
          </reporter-output>
        </test-method> <!-- runScenario -->
        <test-method signature="runScenario(io.cucumber.testng.PickleWrapper,io.cucumber.testng.FeatureWrapper)[pri:0, instance:runner.LMSRestAssured_Runner@62379589]" started-at="2023-07-27T11:34:13 EDT" name="runScenario" description="Runs Cucumber Scenarios" data-provider="scenarios" finished-at="2023-07-27T11:34:13 EDT" duration-ms="189" status="PASS">
          <params>
            <param index="0">
              <value>
                <![CDATA["create users with valid endpoint with existing phone no and missing mandatory fields request body from excelsheet "Sheet1" and 7"]]>
              </value>
            </param>
            <param index="1">
              <value>
                <![CDATA["create different user and validate all users"]]>
              </value>
            </param>
          </params>
          <reporter-output>
          </reporter-output>
        </test-method> <!-- runScenario -->
        <test-method signature="runScenario(io.cucumber.testng.PickleWrapper,io.cucumber.testng.FeatureWrapper)[pri:0, instance:runner.LMSRestAssured_Runner@62379589]" started-at="2023-07-27T11:34:13 EDT" name="runScenario" description="Runs Cucumber Scenarios" data-provider="scenarios" finished-at="2023-07-27T11:34:14 EDT" duration-ms="195" status="PASS">
          <params>
            <param index="0">
              <value>
                <![CDATA["create users with valid endpoint with existing phone no and missing mandatory fields request body from excelsheet "Sheet1" and 8"]]>
              </value>
            </param>
            <param index="1">
              <value>
                <![CDATA["create different user and validate all users"]]>
              </value>
            </param>
          </params>
          <reporter-output>
          </reporter-output>
        </test-method> <!-- runScenario -->
        <test-method signature="runScenario(io.cucumber.testng.PickleWrapper,io.cucumber.testng.FeatureWrapper)[pri:0, instance:runner.LMSRestAssured_Runner@62379589]" started-at="2023-07-27T11:34:14 EDT" name="runScenario" description="Runs Cucumber Scenarios" data-provider="scenarios" finished-at="2023-07-27T11:34:14 EDT" duration-ms="232" status="PASS">
          <params>
            <param index="0">
              <value>
                <![CDATA["create users with valid endpoint with existing phone no and missing mandatory fields request body from excelsheet "Sheet1" and 9"]]>
              </value>
            </param>
            <param index="1">
              <value>
                <![CDATA["create different user and validate all users"]]>
              </value>
            </param>
          </params>
          <reporter-output>
          </reporter-output>
        </test-method> <!-- runScenario -->
        <test-method signature="runScenario(io.cucumber.testng.PickleWrapper,io.cucumber.testng.FeatureWrapper)[pri:0, instance:runner.LMSRestAssured_Runner@62379589]" started-at="2023-07-27T11:34:14 EDT" name="runScenario" description="Runs Cucumber Scenarios" data-provider="scenarios" finished-at="2023-07-27T11:34:14 EDT" duration-ms="163" status="PASS">
          <params>
            <param index="0">
              <value>
                <![CDATA["create users with valid endpoint with existing phone no and missing mandatory fields request body from excelsheet "Sheet1" and 10"]]>
              </value>
            </param>
            <param index="1">
              <value>
                <![CDATA["create different user and validate all users"]]>
              </value>
            </param>
          </params>
          <reporter-output>
          </reporter-output>
        </test-method> <!-- runScenario -->
        <test-method signature="runScenario(io.cucumber.testng.PickleWrapper,io.cucumber.testng.FeatureWrapper)[pri:0, instance:runner.LMSRestAssured_Runner@62379589]" started-at="2023-07-27T11:34:14 EDT" name="runScenario" description="Runs Cucumber Scenarios" data-provider="scenarios" finished-at="2023-07-27T11:34:15 EDT" duration-ms="575" status="PASS">
          <params>
            <param index="0">
              <value>
                <![CDATA["retrieve all users with valid endpoint"]]>
              </value>
            </param>
            <param index="1">
              <value>
                <![CDATA["create different user and validate all users"]]>
              </value>
            </param>
          </params>
          <reporter-output>
          </reporter-output>
        </test-method> <!-- runScenario -->
        <test-method signature="runScenario(io.cucumber.testng.PickleWrapper,io.cucumber.testng.FeatureWrapper)[pri:0, instance:runner.LMSRestAssured_Runner@62379589]" started-at="2023-07-27T11:34:15 EDT" name="runScenario" description="Runs Cucumber Scenarios" data-provider="scenarios" finished-at="2023-07-27T11:34:15 EDT" duration-ms="479" status="PASS">
          <params>
            <param index="0">
              <value>
                <![CDATA["user able to retrieve a user with valid User ID"]]>
              </value>
            </param>
            <param index="1">
              <value>
                <![CDATA["create different user and validate all users"]]>
              </value>
            </param>
          </params>
          <reporter-output>
          </reporter-output>
        </test-method> <!-- runScenario -->
        <test-method signature="runScenario(io.cucumber.testng.PickleWrapper,io.cucumber.testng.FeatureWrapper)[pri:0, instance:runner.LMSRestAssured_Runner@62379589]" started-at="2023-07-27T11:34:15 EDT" name="runScenario" description="Runs Cucumber Scenarios" data-provider="scenarios" finished-at="2023-07-27T11:34:15 EDT" duration-ms="167" status="PASS">
          <params>
            <param index="0">
              <value>
                <![CDATA["user able to retrieve a user with invalid User ID"]]>
              </value>
            </param>
            <param index="1">
              <value>
                <![CDATA["create different user and validate all users"]]>
              </value>
            </param>
          </params>
          <reporter-output>
          </reporter-output>
        </test-method> <!-- runScenario -->
        <test-method signature="runScenario(io.cucumber.testng.PickleWrapper,io.cucumber.testng.FeatureWrapper)[pri:0, instance:runner.LMSRestAssured_Runner@62379589]" started-at="2023-07-27T11:34:15 EDT" name="runScenario" description="Runs Cucumber Scenarios" data-provider="scenarios" finished-at="2023-07-27T11:34:15 EDT" duration-ms="137" status="FAIL">
          <params>
            <param index="0">
              <value>
                <![CDATA["retrieve all staff users with valid endpoint"]]>
              </value>
            </param>
            <param index="1">
              <value>
                <![CDATA["create different user and validate all users"]]>
              </value>
            </param>
          </params>
          <exception class="java.lang.AssertionError">
            <message>
              <![CDATA[1 expectation failed.
Expected status code <200> but was <404>.
]]>
            </message>
            <full-stacktrace>
              <![CDATA[java.lang.AssertionError: 1 expectation failed.
Expected status code <200> but was <404>.

at java.base/jdk.internal.reflect.DirectConstructorHandleAccessor.newInstance(DirectConstructorHandleAccessor.java:67)
at java.base/java.lang.reflect.Constructor.newInstanceWithCaller(Constructor.java:500)
at java.base/java.lang.reflect.Constructor.newInstance(Constructor.java:484)
at org.codehaus.groovy.reflection.CachedConstructor.invoke(CachedConstructor.java:73)
at org.codehaus.groovy.runtime.callsite.ConstructorSite$ConstructorSiteNoUnwrapNoCoerce.callConstructor(ConstructorSite.java:108)
at org.codehaus.groovy.runtime.callsite.CallSiteArray.defaultCallConstructor(CallSiteArray.java:57)
at org.codehaus.groovy.runtime.callsite.AbstractCallSite.callConstructor(AbstractCallSite.java:263)
at org.codehaus.groovy.runtime.callsite.AbstractCallSite.callConstructor(AbstractCallSite.java:277)
at io.restassured.internal.ResponseSpecificationImpl$HamcrestAssertionClosure.validate(ResponseSpecificationImpl.groovy:512)
at io.restassured.internal.ResponseSpecificationImpl$HamcrestAssertionClosure$validate$1.call(Unknown Source)
at io.restassured.internal.ResponseSpecificationImpl.validateResponseIfRequired(ResponseSpecificationImpl.groovy:696)
at io.restassured.internal.ResponseSpecificationImpl.this$2$validateResponseIfRequired(ResponseSpecificationImpl.groovy)
at java.base/jdk.internal.reflect.DirectMethodHandleAccessor.invoke(DirectMethodHandleAccessor.java:104)
at java.base/java.lang.reflect.Method.invoke(Method.java:578)
at org.codehaus.groovy.runtime.callsite.PlainObjectMetaMethodSite.doInvoke(PlainObjectMetaMethodSite.java:43)
at org.codehaus.groovy.runtime.callsite.PogoMetaMethodSite$PogoCachedMethodSiteNoUnwrapNoCoerce.invoke(PogoMetaMethodSite.java:198)
at org.codehaus.groovy.runtime.callsite.PogoMetaMethodSite.callCurrent(PogoMetaMethodSite.java:62)
at org.codehaus.groovy.runtime.callsite.AbstractCallSite.callCurrent(AbstractCallSite.java:185)
at io.restassured.internal.ResponseSpecificationImpl.statusCode(ResponseSpecificationImpl.groovy:135)
at io.restassured.specification.ResponseSpecification$statusCode$0.callCurrent(Unknown Source)
at io.restassured.internal.ResponseSpecificationImpl.statusCode(ResponseSpecificationImpl.groovy:143)
at io.restassured.internal.ValidatableResponseOptionsImpl.statusCode(ValidatableResponseOptionsImpl.java:89)
at stepdefinitions.User_SD.user_will_receive_status_with_reponse_body(User_SD.java:353)
at ✽.user will receive 200 status with reponse body(file:///C:/Users/sange/git/LMSRestAssured/src/test/resources/features/3User.feature:59)
]]>
            </full-stacktrace>
          </exception> <!-- java.lang.AssertionError -->
          <reporter-output>
          </reporter-output>
        </test-method> <!-- runScenario -->
        <test-method signature="runScenario(io.cucumber.testng.PickleWrapper,io.cucumber.testng.FeatureWrapper)[pri:0, instance:runner.LMSRestAssured_Runner@62379589]" started-at="2023-07-27T11:34:15 EDT" name="runScenario" description="Runs Cucumber Scenarios" data-provider="scenarios" finished-at="2023-07-27T11:34:20 EDT" duration-ms="4639" status="PASS">
          <params>
            <param index="0">
              <value>
                <![CDATA["retrieve all users with roles with valid endpoint"]]>
              </value>
            </param>
            <param index="1">
              <value>
                <![CDATA["create different user and validate all users"]]>
              </value>
            </param>
          </params>
          <reporter-output>
          </reporter-output>
        </test-method> <!-- runScenario -->
        <test-method signature="runScenario(io.cucumber.testng.PickleWrapper,io.cucumber.testng.FeatureWrapper)[pri:0, instance:runner.LMSRestAssured_Runner@62379589]" started-at="2023-07-27T11:34:20 EDT" name="runScenario" description="Runs Cucumber Scenarios" data-provider="scenarios" finished-at="2023-07-27T11:34:20 EDT" duration-ms="363" status="PASS">
          <params>
            <param index="0">
              <value>
                <![CDATA["user able to update a user with valid User ID and request body"]]>
              </value>
            </param>
            <param index="1">
              <value>
                <![CDATA["create different user and validate all users"]]>
              </value>
            </param>
          </params>
          <reporter-output>
          </reporter-output>
        </test-method> <!-- runScenario -->
        <test-method signature="runScenario(io.cucumber.testng.PickleWrapper,io.cucumber.testng.FeatureWrapper)[pri:0, instance:runner.LMSRestAssured_Runner@62379589]" started-at="2023-07-27T11:34:20 EDT" name="runScenario" description="Runs Cucumber Scenarios" data-provider="scenarios" finished-at="2023-07-27T11:34:21 EDT" duration-ms="171" status="PASS">
          <params>
            <param index="0">
              <value>
                <![CDATA["user able to update a user with invalid User ID"]]>
              </value>
            </param>
            <param index="1">
              <value>
                <![CDATA["create different user and validate all users"]]>
              </value>
            </param>
          </params>
          <reporter-output>
          </reporter-output>
        </test-method> <!-- runScenario -->
        <test-method signature="runScenario(io.cucumber.testng.PickleWrapper,io.cucumber.testng.FeatureWrapper)[pri:0, instance:runner.LMSRestAssured_Runner@62379589]" started-at="2023-07-27T11:34:21 EDT" name="runScenario" description="Runs Cucumber Scenarios" data-provider="scenarios" finished-at="2023-07-27T11:34:21 EDT" duration-ms="136" status="PASS">
          <params>
            <param index="0">
              <value>
                <![CDATA["user able to update a user with missing mandatory fields in request body"]]>
              </value>
            </param>
            <param index="1">
              <value>
                <![CDATA["create different user and validate all users"]]>
              </value>
            </param>
          </params>
          <reporter-output>
          </reporter-output>
        </test-method> <!-- runScenario -->
        <test-method signature="runScenario(io.cucumber.testng.PickleWrapper,io.cucumber.testng.FeatureWrapper)[pri:0, instance:runner.LMSRestAssured_Runner@62379589]" started-at="2023-07-27T11:34:21 EDT" name="runScenario" description="Runs Cucumber Scenarios" data-provider="scenarios" finished-at="2023-07-27T11:34:21 EDT" duration-ms="174" status="PASS">
          <params>
            <param index="0">
              <value>
                <![CDATA["user able to update a user with missing mandatory fields in request body"]]>
              </value>
            </param>
            <param index="1">
              <value>
                <![CDATA["create different user and validate all users"]]>
              </value>
            </param>
          </params>
          <reporter-output>
          </reporter-output>
        </test-method> <!-- runScenario -->
        <test-method signature="runScenario(io.cucumber.testng.PickleWrapper,io.cucumber.testng.FeatureWrapper)[pri:0, instance:runner.LMSRestAssured_Runner@62379589]" started-at="2023-07-27T11:34:21 EDT" name="runScenario" description="Runs Cucumber Scenarios" data-provider="scenarios" finished-at="2023-07-27T11:34:21 EDT" duration-ms="177" status="PASS">
          <params>
            <param index="0">
              <value>
                <![CDATA["user able to update a user with missing mandatory fields in request body"]]>
              </value>
            </param>
            <param index="1">
              <value>
                <![CDATA["create different user and validate all users"]]>
              </value>
            </param>
          </params>
          <reporter-output>
          </reporter-output>
        </test-method> <!-- runScenario -->
        <test-method signature="runScenario(io.cucumber.testng.PickleWrapper,io.cucumber.testng.FeatureWrapper)[pri:0, instance:runner.LMSRestAssured_Runner@62379589]" started-at="2023-07-27T11:34:21 EDT" name="runScenario" description="Runs Cucumber Scenarios" data-provider="scenarios" finished-at="2023-07-27T11:34:21 EDT" duration-ms="191" status="PASS">
          <params>
            <param index="0">
              <value>
                <![CDATA["user able to update a user with missing mandatory fields in request body"]]>
              </value>
            </param>
            <param index="1">
              <value>
                <![CDATA["create different user and validate all users"]]>
              </value>
            </param>
          </params>
          <reporter-output>
          </reporter-output>
        </test-method> <!-- runScenario -->
        <test-method signature="runScenario(io.cucumber.testng.PickleWrapper,io.cucumber.testng.FeatureWrapper)[pri:0, instance:runner.LMSRestAssured_Runner@62379589]" started-at="2023-07-27T11:34:21 EDT" name="runScenario" description="Runs Cucumber Scenarios" data-provider="scenarios" finished-at="2023-07-27T11:34:21 EDT" duration-ms="157" status="PASS">
          <params>
            <param index="0">
              <value>
                <![CDATA["user able to update a user role status with valid User ID and request body"]]>
              </value>
            </param>
            <param index="1">
              <value>
                <![CDATA["create different user and validate all users"]]>
              </value>
            </param>
          </params>
          <reporter-output>
          </reporter-output>
        </test-method> <!-- runScenario -->
        <test-method signature="runScenario(io.cucumber.testng.PickleWrapper,io.cucumber.testng.FeatureWrapper)[pri:0, instance:runner.LMSRestAssured_Runner@62379589]" started-at="2023-07-27T11:34:21 EDT" name="runScenario" description="Runs Cucumber Scenarios" data-provider="scenarios" finished-at="2023-07-27T11:34:22 EDT" duration-ms="189" status="PASS">
          <params>
            <param index="0">
              <value>
                <![CDATA["user able to update a user role status with invalid User ID"]]>
              </value>
            </param>
            <param index="1">
              <value>
                <![CDATA["create different user and validate all users"]]>
              </value>
            </param>
          </params>
          <reporter-output>
          </reporter-output>
        </test-method> <!-- runScenario -->
        <test-method signature="runScenario(io.cucumber.testng.PickleWrapper,io.cucumber.testng.FeatureWrapper)[pri:0, instance:runner.LMSRestAssured_Runner@62379589]" started-at="2023-07-27T11:34:22 EDT" name="runScenario" description="Runs Cucumber Scenarios" data-provider="scenarios" finished-at="2023-07-27T11:34:22 EDT" duration-ms="175" status="PASS">
          <params>
            <param index="0">
              <value>
                <![CDATA["user able to update a user rolestatus with missing mandatory fields in request body"]]>
              </value>
            </param>
            <param index="1">
              <value>
                <![CDATA["create different user and validate all users"]]>
              </value>
            </param>
          </params>
          <reporter-output>
          </reporter-output>
        </test-method> <!-- runScenario -->
        <test-method signature="runScenario(io.cucumber.testng.PickleWrapper,io.cucumber.testng.FeatureWrapper)[pri:0, instance:runner.LMSRestAssured_Runner@62379589]" started-at="2023-07-27T11:34:22 EDT" name="runScenario" description="Runs Cucumber Scenarios" data-provider="scenarios" finished-at="2023-07-27T11:34:22 EDT" duration-ms="176" status="PASS">
          <params>
            <param index="0">
              <value>
                <![CDATA["user able to update a user rolestatus with missing mandatory fields in request body"]]>
              </value>
            </param>
            <param index="1">
              <value>
                <![CDATA["create different user and validate all users"]]>
              </value>
            </param>
          </params>
          <reporter-output>
          </reporter-output>
        </test-method> <!-- runScenario -->
        <test-method signature="runScenario(io.cucumber.testng.PickleWrapper,io.cucumber.testng.FeatureWrapper)[pri:0, instance:runner.LMSRestAssured_Runner@62379589]" started-at="2023-07-27T11:34:22 EDT" name="runScenario" description="Runs Cucumber Scenarios" data-provider="scenarios" finished-at="2023-07-27T11:34:22 EDT" duration-ms="215" status="PASS">
          <params>
            <param index="0">
              <value>
                <![CDATA["user able to assign user to program / batch with valid User Id and request body"]]>
              </value>
            </param>
            <param index="1">
              <value>
                <![CDATA["create different user and validate all users"]]>
              </value>
            </param>
          </params>
          <reporter-output>
          </reporter-output>
        </test-method> <!-- runScenario -->
        <test-method signature="runScenario(io.cucumber.testng.PickleWrapper,io.cucumber.testng.FeatureWrapper)[pri:0, instance:runner.LMSRestAssured_Runner@62379589]" started-at="2023-07-27T11:34:22 EDT" name="runScenario" description="Runs Cucumber Scenarios" data-provider="scenarios" finished-at="2023-07-27T11:34:22 EDT" duration-ms="192" status="PASS">
          <params>
            <param index="0">
              <value>
                <![CDATA["user able to assign user to program/batch with invalid User Id and request body"]]>
              </value>
            </param>
            <param index="1">
              <value>
                <![CDATA["create different user and validate all users"]]>
              </value>
            </param>
          </params>
          <reporter-output>
          </reporter-output>
        </test-method> <!-- runScenario -->
        <test-method signature="runScenario(io.cucumber.testng.PickleWrapper,io.cucumber.testng.FeatureWrapper)[pri:0, instance:runner.LMSRestAssured_Runner@62379589]" started-at="2023-07-27T11:34:22 EDT" name="runScenario" description="Runs Cucumber Scenarios" data-provider="scenarios" finished-at="2023-07-27T11:34:23 EDT" duration-ms="172" status="PASS">
          <params>
            <param index="0">
              <value>
                <![CDATA["user able to assign user to program/batch with missing mandatory fields in request body"]]>
              </value>
            </param>
            <param index="1">
              <value>
                <![CDATA["create different user and validate all users"]]>
              </value>
            </param>
          </params>
          <reporter-output>
          </reporter-output>
        </test-method> <!-- runScenario -->
        <test-method signature="runScenario(io.cucumber.testng.PickleWrapper,io.cucumber.testng.FeatureWrapper)[pri:0, instance:runner.LMSRestAssured_Runner@62379589]" started-at="2023-07-27T11:34:23 EDT" name="runScenario" description="Runs Cucumber Scenarios" data-provider="scenarios" finished-at="2023-07-27T11:34:23 EDT" duration-ms="165" status="PASS">
          <params>
            <param index="0">
              <value>
                <![CDATA["user able to assign user to program/batch with missing mandatory fields in request body"]]>
              </value>
            </param>
            <param index="1">
              <value>
                <![CDATA["create different user and validate all users"]]>
              </value>
            </param>
          </params>
          <reporter-output>
          </reporter-output>
        </test-method> <!-- runScenario -->
        <test-method signature="runScenario(io.cucumber.testng.PickleWrapper,io.cucumber.testng.FeatureWrapper)[pri:0, instance:runner.LMSRestAssured_Runner@62379589]" started-at="2023-07-27T11:34:23 EDT" name="runScenario" description="Runs Cucumber Scenarios" data-provider="scenarios" finished-at="2023-07-27T11:34:23 EDT" duration-ms="320" status="PASS">
          <params>
            <param index="0">
              <value>
                <![CDATA["user able to delete a user with valid User Id"]]>
              </value>
            </param>
            <param index="1">
              <value>
                <![CDATA["create different user and validate all users"]]>
              </value>
            </param>
          </params>
          <reporter-output>
          </reporter-output>
        </test-method> <!-- runScenario -->
        <test-method signature="runScenario(io.cucumber.testng.PickleWrapper,io.cucumber.testng.FeatureWrapper)[pri:0, instance:runner.LMSRestAssured_Runner@62379589]" started-at="2023-07-27T11:34:23 EDT" name="runScenario" description="Runs Cucumber Scenarios" data-provider="scenarios" finished-at="2023-07-27T11:34:23 EDT" duration-ms="167" status="PASS">
          <params>
            <param index="0">
              <value>
                <![CDATA["user able to delete a user with invalid User Id"]]>
              </value>
            </param>
            <param index="1">
              <value>
                <![CDATA["create different user and validate all users"]]>
              </value>
            </param>
          </params>
          <reporter-output>
          </reporter-output>
        </test-method> <!-- runScenario -->
        <test-method signature="runScenario(io.cucumber.testng.PickleWrapper,io.cucumber.testng.FeatureWrapper)[pri:0, instance:runner.LMSRestAssured_Runner@62379589]" started-at="2023-07-27T11:34:23 EDT" name="runScenario" description="Runs Cucumber Scenarios" data-provider="scenarios" finished-at="2023-07-27T11:34:24 EDT" duration-ms="295" status="PASS">
          <params>
            <param index="0">
              <value>
                <![CDATA["Create assignment with valid endpoint and request body from excelsheet "Sheet1" and 0"]]>
              </value>
            </param>
            <param index="1">
              <value>
                <![CDATA["Assignment Module"]]>
              </value>
            </param>
          </params>
          <reporter-output>
          </reporter-output>
        </test-method> <!-- runScenario -->
        <test-method signature="runScenario(io.cucumber.testng.PickleWrapper,io.cucumber.testng.FeatureWrapper)[pri:0, instance:runner.LMSRestAssured_Runner@62379589]" started-at="2023-07-27T11:34:24 EDT" name="runScenario" description="Runs Cucumber Scenarios" data-provider="scenarios" finished-at="2023-07-27T11:34:24 EDT" duration-ms="249" status="PASS">
          <params>
            <param index="0">
              <value>
                <![CDATA["Create assignment with valid endpoint and request body from excelsheet "Sheet1" and 1"]]>
              </value>
            </param>
            <param index="1">
              <value>
                <![CDATA["Assignment Module"]]>
              </value>
            </param>
          </params>
          <reporter-output>
          </reporter-output>
        </test-method> <!-- runScenario -->
        <test-method signature="runScenario(io.cucumber.testng.PickleWrapper,io.cucumber.testng.FeatureWrapper)[pri:0, instance:runner.LMSRestAssured_Runner@62379589]" started-at="2023-07-27T11:34:24 EDT" name="runScenario" description="Runs Cucumber Scenarios" data-provider="scenarios" finished-at="2023-07-27T11:34:24 EDT" duration-ms="260" status="PASS">
          <params>
            <param index="0">
              <value>
                <![CDATA["Create assignment with valid endpoint and with existing assignmentName in request body from excelsheet "Sheet1" and 0"]]>
              </value>
            </param>
            <param index="1">
              <value>
                <![CDATA["Assignment Module"]]>
              </value>
            </param>
          </params>
          <reporter-output>
          </reporter-output>
        </test-method> <!-- runScenario -->
        <test-method signature="runScenario(io.cucumber.testng.PickleWrapper,io.cucumber.testng.FeatureWrapper)[pri:0, instance:runner.LMSRestAssured_Runner@62379589]" started-at="2023-07-27T11:34:24 EDT" name="runScenario" description="Runs Cucumber Scenarios" data-provider="scenarios" finished-at="2023-07-27T11:34:24 EDT" duration-ms="241" status="PASS">
          <params>
            <param index="0">
              <value>
                <![CDATA["Create assignment with valid endpoint and with existing assignmentName in request body from excelsheet "Sheet1" and 1"]]>
              </value>
            </param>
            <param index="1">
              <value>
                <![CDATA["Assignment Module"]]>
              </value>
            </param>
          </params>
          <reporter-output>
          </reporter-output>
        </test-method> <!-- runScenario -->
        <test-method signature="runScenario(io.cucumber.testng.PickleWrapper,io.cucumber.testng.FeatureWrapper)[pri:0, instance:runner.LMSRestAssured_Runner@62379589]" started-at="2023-07-27T11:34:24 EDT" name="runScenario" description="Runs Cucumber Scenarios" data-provider="scenarios" finished-at="2023-07-27T11:34:25 EDT" duration-ms="309" status="PASS">
          <params>
            <param index="0">
              <value>
                <![CDATA["Create assignment with valid endpoint and with existing assignmentName in request body from excelsheet "Sheet1" and 2"]]>
              </value>
            </param>
            <param index="1">
              <value>
                <![CDATA["Assignment Module"]]>
              </value>
            </param>
          </params>
          <reporter-output>
          </reporter-output>
        </test-method> <!-- runScenario -->
        <test-method signature="runScenario(io.cucumber.testng.PickleWrapper,io.cucumber.testng.FeatureWrapper)[pri:0, instance:runner.LMSRestAssured_Runner@62379589]" started-at="2023-07-27T11:34:25 EDT" name="runScenario" description="Runs Cucumber Scenarios" data-provider="scenarios" finished-at="2023-07-27T11:34:25 EDT" duration-ms="237" status="PASS">
          <params>
            <param index="0">
              <value>
                <![CDATA["To verify that user is able to retrieve a record with valid LMS API"]]>
              </value>
            </param>
            <param index="1">
              <value>
                <![CDATA["Assignment Module"]]>
              </value>
            </param>
          </params>
          <reporter-output>
          </reporter-output>
        </test-method> <!-- runScenario -->
        <test-method signature="runScenario(io.cucumber.testng.PickleWrapper,io.cucumber.testng.FeatureWrapper)[pri:0, instance:runner.LMSRestAssured_Runner@62379589]" started-at="2023-07-27T11:34:25 EDT" name="runScenario" description="Runs Cucumber Scenarios" data-provider="scenarios" finished-at="2023-07-27T11:34:25 EDT" duration-ms="143" status="PASS">
          <params>
            <param index="0">
              <value>
                <![CDATA["To verify that user is able to retrieve a record with valid assignment ID"]]>
              </value>
            </param>
            <param index="1">
              <value>
                <![CDATA["Assignment Module"]]>
              </value>
            </param>
          </params>
          <reporter-output>
          </reporter-output>
        </test-method> <!-- runScenario -->
        <test-method signature="runScenario(io.cucumber.testng.PickleWrapper,io.cucumber.testng.FeatureWrapper)[pri:0, instance:runner.LMSRestAssured_Runner@62379589]" started-at="2023-07-27T11:34:25 EDT" name="runScenario" description="Runs Cucumber Scenarios" data-provider="scenarios" finished-at="2023-07-27T11:34:25 EDT" duration-ms="114" status="PASS">
          <params>
            <param index="0">
              <value>
                <![CDATA["To verify that user is able to retrieve a record with invalid assignment ID"]]>
              </value>
            </param>
            <param index="1">
              <value>
                <![CDATA["Assignment Module"]]>
              </value>
            </param>
          </params>
          <reporter-output>
          </reporter-output>
        </test-method> <!-- runScenario -->
        <test-method signature="runScenario(io.cucumber.testng.PickleWrapper,io.cucumber.testng.FeatureWrapper)[pri:0, instance:runner.LMSRestAssured_Runner@62379589]" started-at="2023-07-27T11:34:25 EDT" name="runScenario" description="Runs Cucumber Scenarios" data-provider="scenarios" finished-at="2023-07-27T11:34:25 EDT" duration-ms="171" status="PASS">
          <params>
            <param index="0">
              <value>
                <![CDATA["To verify that user is able to retrieve a record with valid batch ID"]]>
              </value>
            </param>
            <param index="1">
              <value>
                <![CDATA["Assignment Module"]]>
              </value>
            </param>
          </params>
          <reporter-output>
          </reporter-output>
        </test-method> <!-- runScenario -->
        <test-method signature="runScenario(io.cucumber.testng.PickleWrapper,io.cucumber.testng.FeatureWrapper)[pri:0, instance:runner.LMSRestAssured_Runner@62379589]" started-at="2023-07-27T11:34:25 EDT" name="runScenario" description="Runs Cucumber Scenarios" data-provider="scenarios" finished-at="2023-07-27T11:34:25 EDT" duration-ms="168" status="PASS">
          <params>
            <param index="0">
              <value>
                <![CDATA["To verify that user is able to retrieve a record with invalid batch ID"]]>
              </value>
            </param>
            <param index="1">
              <value>
                <![CDATA["Assignment Module"]]>
              </value>
            </param>
          </params>
          <reporter-output>
          </reporter-output>
        </test-method> <!-- runScenario -->
        <test-method signature="runScenario(io.cucumber.testng.PickleWrapper,io.cucumber.testng.FeatureWrapper)[pri:0, instance:runner.LMSRestAssured_Runner@62379589]" started-at="2023-07-27T11:34:25 EDT" name="runScenario" description="Runs Cucumber Scenarios" data-provider="scenarios" finished-at="2023-07-27T11:34:26 EDT" duration-ms="407" status="PASS">
          <params>
            <param index="0">
              <value>
                <![CDATA["To verify that user is able to update a record with valid assignment id and mandatory request body"]]>
              </value>
            </param>
            <param index="1">
              <value>
                <![CDATA["Assignment Module"]]>
              </value>
            </param>
          </params>
          <reporter-output>
          </reporter-output>
        </test-method> <!-- runScenario -->
        <test-method signature="runScenario(io.cucumber.testng.PickleWrapper,io.cucumber.testng.FeatureWrapper)[pri:0, instance:runner.LMSRestAssured_Runner@62379589]" started-at="2023-07-27T11:34:26 EDT" name="runScenario" description="Runs Cucumber Scenarios" data-provider="scenarios" finished-at="2023-07-27T11:34:26 EDT" duration-ms="354" status="PASS">
          <params>
            <param index="0">
              <value>
                <![CDATA["To verify that user is able to update a record with invalid assignment id and mandatory request body"]]>
              </value>
            </param>
            <param index="1">
              <value>
                <![CDATA["Assignment Module"]]>
              </value>
            </param>
          </params>
          <reporter-output>
          </reporter-output>
        </test-method> <!-- runScenario -->
        <test-method signature="runScenario(io.cucumber.testng.PickleWrapper,io.cucumber.testng.FeatureWrapper)[pri:0, instance:runner.LMSRestAssured_Runner@62379589]" started-at="2023-07-27T11:34:26 EDT" name="runScenario" description="Runs Cucumber Scenarios" data-provider="scenarios" finished-at="2023-07-27T11:34:27 EDT" duration-ms="379" status="PASS">
          <params>
            <param index="0">
              <value>
                <![CDATA["To verify that user is able to update a record with valid assignment id and missing mandatory request body"]]>
              </value>
            </param>
            <param index="1">
              <value>
                <![CDATA["Assignment Module"]]>
              </value>
            </param>
          </params>
          <reporter-output>
          </reporter-output>
        </test-method> <!-- runScenario -->
        <test-method signature="runScenario(io.cucumber.testng.PickleWrapper,io.cucumber.testng.FeatureWrapper)[pri:0, instance:runner.LMSRestAssured_Runner@62379589]" started-at="2023-07-27T11:34:27 EDT" name="runScenario" description="Runs Cucumber Scenarios" data-provider="scenarios" finished-at="2023-07-27T11:34:27 EDT" duration-ms="346" status="PASS">
          <params>
            <param index="0">
              <value>
                <![CDATA["To verify that user is able to update a record with valid assignment id and missing mandatory request body"]]>
              </value>
            </param>
            <param index="1">
              <value>
                <![CDATA["Assignment Module"]]>
              </value>
            </param>
          </params>
          <reporter-output>
          </reporter-output>
        </test-method> <!-- runScenario -->
        <test-method signature="runScenario(io.cucumber.testng.PickleWrapper,io.cucumber.testng.FeatureWrapper)[pri:0, instance:runner.LMSRestAssured_Runner@62379589]" started-at="2023-07-27T11:34:27 EDT" name="runScenario" description="Runs Cucumber Scenarios" data-provider="scenarios" finished-at="2023-07-27T11:34:27 EDT" duration-ms="360" status="PASS">
          <params>
            <param index="0">
              <value>
                <![CDATA["To verify that user is able to update a record with valid assignment id and missing mandatory request body"]]>
              </value>
            </param>
            <param index="1">
              <value>
                <![CDATA["Assignment Module"]]>
              </value>
            </param>
          </params>
          <reporter-output>
          </reporter-output>
        </test-method> <!-- runScenario -->
        <test-method signature="runScenario(io.cucumber.testng.PickleWrapper,io.cucumber.testng.FeatureWrapper)[pri:0, instance:runner.LMSRestAssured_Runner@62379589]" started-at="2023-07-27T11:34:27 EDT" name="runScenario" description="Runs Cucumber Scenarios" data-provider="scenarios" finished-at="2023-07-27T11:34:28 EDT" duration-ms="555" status="PASS">
          <params>
            <param index="0">
              <value>
                <![CDATA["To verify that user is able to update a record with valid assignment id and missing mandatory request body"]]>
              </value>
            </param>
            <param index="1">
              <value>
                <![CDATA["Assignment Module"]]>
              </value>
            </param>
          </params>
          <reporter-output>
          </reporter-output>
        </test-method> <!-- runScenario -->
        <test-method signature="runScenario(io.cucumber.testng.PickleWrapper,io.cucumber.testng.FeatureWrapper)[pri:0, instance:runner.LMSRestAssured_Runner@62379589]" started-at="2023-07-27T11:34:28 EDT" name="runScenario" description="Runs Cucumber Scenarios" data-provider="scenarios" finished-at="2023-07-27T11:34:28 EDT" duration-ms="326" status="PASS">
          <params>
            <param index="0">
              <value>
                <![CDATA["To verify that user is able to update a record with valid assignment id and missing mandatory request body"]]>
              </value>
            </param>
            <param index="1">
              <value>
                <![CDATA["Assignment Module"]]>
              </value>
            </param>
          </params>
          <reporter-output>
          </reporter-output>
        </test-method> <!-- runScenario -->
        <test-method signature="runScenario(io.cucumber.testng.PickleWrapper,io.cucumber.testng.FeatureWrapper)[pri:0, instance:runner.LMSRestAssured_Runner@62379589]" started-at="2023-07-27T11:34:28 EDT" name="runScenario" description="Runs Cucumber Scenarios" data-provider="scenarios" finished-at="2023-07-27T11:34:29 EDT" duration-ms="407" status="PASS">
          <params>
            <param index="0">
              <value>
                <![CDATA["To verify that user is able to update a record with valid assignment id and missing mandatory request body"]]>
              </value>
            </param>
            <param index="1">
              <value>
                <![CDATA["Assignment Module"]]>
              </value>
            </param>
          </params>
          <reporter-output>
          </reporter-output>
        </test-method> <!-- runScenario -->
        <test-method signature="runScenario(io.cucumber.testng.PickleWrapper,io.cucumber.testng.FeatureWrapper)[pri:0, instance:runner.LMSRestAssured_Runner@62379589]" started-at="2023-07-27T11:34:29 EDT" name="runScenario" description="Runs Cucumber Scenarios" data-provider="scenarios" finished-at="2023-07-27T11:34:29 EDT" duration-ms="361" status="PASS">
          <params>
            <param index="0">
              <value>
                <![CDATA["To verify that user is able to update a record with valid assignment id and missing mandatory request body"]]>
              </value>
            </param>
            <param index="1">
              <value>
                <![CDATA["Assignment Module"]]>
              </value>
            </param>
          </params>
          <reporter-output>
          </reporter-output>
        </test-method> <!-- runScenario -->
        <test-method signature="runScenario(io.cucumber.testng.PickleWrapper,io.cucumber.testng.FeatureWrapper)[pri:0, instance:runner.LMSRestAssured_Runner@62379589]" started-at="2023-07-27T11:34:29 EDT" name="runScenario" description="Runs Cucumber Scenarios" data-provider="scenarios" finished-at="2023-07-27T11:34:29 EDT" duration-ms="328" status="PASS">
          <params>
            <param index="0">
              <value>
                <![CDATA["To verify that user is able to update a record with valid assignment id and missing mandatory request body"]]>
              </value>
            </param>
            <param index="1">
              <value>
                <![CDATA["Assignment Module"]]>
              </value>
            </param>
          </params>
          <reporter-output>
          </reporter-output>
        </test-method> <!-- runScenario -->
        <test-method signature="runScenario(io.cucumber.testng.PickleWrapper,io.cucumber.testng.FeatureWrapper)[pri:0, instance:runner.LMSRestAssured_Runner@62379589]" started-at="2023-07-27T11:34:29 EDT" name="runScenario" description="Runs Cucumber Scenarios" data-provider="scenarios" finished-at="2023-07-27T11:34:30 EDT" duration-ms="308" status="PASS">
          <params>
            <param index="0">
              <value>
                <![CDATA["To verify that user is able to update a record with valid assignment id and missing mandatory request body"]]>
              </value>
            </param>
            <param index="1">
              <value>
                <![CDATA["Assignment Module"]]>
              </value>
            </param>
          </params>
          <reporter-output>
          </reporter-output>
        </test-method> <!-- runScenario -->
        <test-method signature="runScenario(io.cucumber.testng.PickleWrapper,io.cucumber.testng.FeatureWrapper)[pri:0, instance:runner.LMSRestAssured_Runner@62379589]" started-at="2023-07-27T11:34:30 EDT" name="runScenario" description="Runs Cucumber Scenarios" data-provider="scenarios" finished-at="2023-07-27T11:34:30 EDT" duration-ms="336" status="PASS">
          <params>
            <param index="0">
              <value>
                <![CDATA["To verify that user is able to update a record with valid assignment id and missing mandatory request body"]]>
              </value>
            </param>
            <param index="1">
              <value>
                <![CDATA["Assignment Module"]]>
              </value>
            </param>
          </params>
          <reporter-output>
          </reporter-output>
        </test-method> <!-- runScenario -->
        <test-method signature="runScenario(io.cucumber.testng.PickleWrapper,io.cucumber.testng.FeatureWrapper)[pri:0, instance:runner.LMSRestAssured_Runner@62379589]" started-at="2023-07-27T11:34:30 EDT" name="runScenario" description="Runs Cucumber Scenarios" data-provider="scenarios" finished-at="2023-07-27T11:34:30 EDT" duration-ms="114" status="PASS">
          <params>
            <param index="0">
              <value>
                <![CDATA["To verify that user is able to delete a record with valid assignment id"]]>
              </value>
            </param>
            <param index="1">
              <value>
                <![CDATA["Assignment Module"]]>
              </value>
            </param>
          </params>
          <reporter-output>
          </reporter-output>
        </test-method> <!-- runScenario -->
        <test-method signature="runScenario(io.cucumber.testng.PickleWrapper,io.cucumber.testng.FeatureWrapper)[pri:0, instance:runner.LMSRestAssured_Runner@62379589]" started-at="2023-07-27T11:34:30 EDT" name="runScenario" description="Runs Cucumber Scenarios" data-provider="scenarios" finished-at="2023-07-27T11:34:30 EDT" duration-ms="115" status="PASS">
          <params>
            <param index="0">
              <value>
                <![CDATA["To verify that user is able to delete a record with valid LMS API endpoint and invalid assignment id"]]>
              </value>
            </param>
            <param index="1">
              <value>
                <![CDATA["Assignment Module"]]>
              </value>
            </param>
          </params>
          <reporter-output>
          </reporter-output>
        </test-method> <!-- runScenario -->
        <test-method signature="runScenario(io.cucumber.testng.PickleWrapper,io.cucumber.testng.FeatureWrapper)[pri:0, instance:runner.LMSRestAssured_Runner@62379589]" started-at="2023-07-27T11:34:30 EDT" name="runScenario" description="Runs Cucumber Scenarios" data-provider="scenarios" finished-at="2023-07-27T11:34:30 EDT" duration-ms="24" status="PASS">
          <params>
            <param index="0">
              <value>
                <![CDATA["Check if user able to retrieve all batches with valid LMS API"]]>
              </value>
            </param>
            <param index="1">
              <value>
                <![CDATA["As a tester,I want to test and validate Program Batch Module"]]>
              </value>
            </param>
          </params>
          <reporter-output>
          </reporter-output>
        </test-method> <!-- runScenario -->
        <test-method is-config="true" signature="tearDownClass()[pri:0, instance:runner.LMSRestAssured_Runner@62379589]" started-at="2023-07-27T11:34:30 EDT" name="tearDownClass" finished-at="2023-07-27T11:34:30 EDT" duration-ms="36" status="PASS">
          <reporter-output>
          </reporter-output>
        </test-method> <!-- tearDownClass -->
      </class> <!-- runner.LMSRestAssured_Runner -->
    </test> <!-- Default test -->
  </suite> <!-- Default suite -->
</testng-results>
