<?xml version="1.0" encoding="UTF-8"?>
<testng-results ignored="0" total="25" passed="24" failed="1" skipped="0">
  <reporter-output>
  </reporter-output>
  <suite started-at="2023-07-27T09:44:57 EDT" name="Default suite" finished-at="2023-07-27T09:45:06 EDT" duration-ms="8581">
    <groups>
      <group name="cucumber">
        <method signature="AbstractTestNGCucumberTests.runScenario(io.cucumber.testng.PickleWrapper,io.cucumber.testng.FeatureWrapper)[pri:0, instance:runner.LMSRestAssured_Runner@210ab13f]" name="runScenario" class="io.cucumber.testng.AbstractTestNGCucumberTests"/>
      </group> <!-- cucumber -->
    </groups>
    <test started-at="2023-07-27T09:44:57 EDT" name="Default test" finished-at="2023-07-27T09:45:06 EDT" duration-ms="8581">
      <class name="runner.LMSRestAssured_Runner">
        <test-method is-config="true" signature="setUpClass(org.testng.ITestContext)[pri:0, instance:runner.LMSRestAssured_Runner@210ab13f]" started-at="2023-07-27T09:44:57 EDT" name="setUpClass" finished-at="2023-07-27T09:44:58 EDT" duration-ms="499" status="PASS">
          <params>
            <param index="0">
              <value>
                <![CDATA[org.testng.TestRunner@7d8a5ec7]]>
              </value>
            </param>
          </params>
          <reporter-output>
          </reporter-output>
        </test-method> <!-- setUpClass -->
        <test-method signature="runScenario(io.cucumber.testng.PickleWrapper,io.cucumber.testng.FeatureWrapper)[pri:0, instance:runner.LMSRestAssured_Runner@210ab13f]" started-at="2023-07-27T09:44:58 EDT" name="runScenario" description="Runs Cucumber Scenarios" data-provider="scenarios" finished-at="2023-07-27T09:45:00 EDT" duration-ms="2491" status="PASS">
          <params>
            <param index="0">
              <value>
                <![CDATA["create a program id"]]>
              </value>
            </param>
            <param index="1">
              <value>
                <![CDATA["Program module"]]>
              </value>
            </param>
          </params>
          <reporter-output>
          </reporter-output>
        </test-method> <!-- runScenario -->
        <test-method signature="runScenario(io.cucumber.testng.PickleWrapper,io.cucumber.testng.FeatureWrapper)[pri:0, instance:runner.LMSRestAssured_Runner@210ab13f]" started-at="2023-07-27T09:45:00 EDT" name="runScenario" description="Runs Cucumber Scenarios" data-provider="scenarios" finished-at="2023-07-27T09:45:00 EDT" duration-ms="271" status="PASS">
          <params>
            <param index="0">
              <value>
                <![CDATA["create a program id"]]>
              </value>
            </param>
            <param index="1">
              <value>
                <![CDATA["Program module"]]>
              </value>
            </param>
          </params>
          <reporter-output>
          </reporter-output>
        </test-method> <!-- runScenario -->
        <test-method signature="runScenario(io.cucumber.testng.PickleWrapper,io.cucumber.testng.FeatureWrapper)[pri:0, instance:runner.LMSRestAssured_Runner@210ab13f]" started-at="2023-07-27T09:45:00 EDT" name="runScenario" description="Runs Cucumber Scenarios" data-provider="scenarios" finished-at="2023-07-27T09:45:01 EDT" duration-ms="239" status="PASS">
          <params>
            <param index="0">
              <value>
                <![CDATA["Check if user able to create a program with valid endpoint and request body (existing values in Program Name)"]]>
              </value>
            </param>
            <param index="1">
              <value>
                <![CDATA["Program module"]]>
              </value>
            </param>
          </params>
          <reporter-output>
          </reporter-output>
        </test-method> <!-- runScenario -->
        <test-method signature="runScenario(io.cucumber.testng.PickleWrapper,io.cucumber.testng.FeatureWrapper)[pri:0, instance:runner.LMSRestAssured_Runner@210ab13f]" started-at="2023-07-27T09:45:01 EDT" name="runScenario" description="Runs Cucumber Scenarios" data-provider="scenarios" finished-at="2023-07-27T09:45:01 EDT" duration-ms="195" status="PASS">
          <params>
            <param index="0">
              <value>
                <![CDATA["Missing mandotiry field request"]]>
              </value>
            </param>
            <param index="1">
              <value>
                <![CDATA["Program module"]]>
              </value>
            </param>
          </params>
          <reporter-output>
          </reporter-output>
        </test-method> <!-- runScenario -->
        <test-method signature="runScenario(io.cucumber.testng.PickleWrapper,io.cucumber.testng.FeatureWrapper)[pri:0, instance:runner.LMSRestAssured_Runner@210ab13f]" started-at="2023-07-27T09:45:01 EDT" name="runScenario" description="Runs Cucumber Scenarios" data-provider="scenarios" finished-at="2023-07-27T09:45:01 EDT" duration-ms="199" status="PASS">
          <params>
            <param index="0">
              <value>
                <![CDATA["Get program details with the programid"]]>
              </value>
            </param>
            <param index="1">
              <value>
                <![CDATA["Program module"]]>
              </value>
            </param>
          </params>
          <reporter-output>
          </reporter-output>
        </test-method> <!-- runScenario -->
        <test-method signature="runScenario(io.cucumber.testng.PickleWrapper,io.cucumber.testng.FeatureWrapper)[pri:0, instance:runner.LMSRestAssured_Runner@210ab13f]" started-at="2023-07-27T09:45:01 EDT" name="runScenario" description="Runs Cucumber Scenarios" data-provider="scenarios" finished-at="2023-07-27T09:45:01 EDT" duration-ms="242" status="PASS">
          <params>
            <param index="0">
              <value>
                <![CDATA["Get response with programName"]]>
              </value>
            </param>
            <param index="1">
              <value>
                <![CDATA["Program module"]]>
              </value>
            </param>
          </params>
          <reporter-output>
          </reporter-output>
        </test-method> <!-- runScenario -->
        <test-method signature="runScenario(io.cucumber.testng.PickleWrapper,io.cucumber.testng.FeatureWrapper)[pri:0, instance:runner.LMSRestAssured_Runner@210ab13f]" started-at="2023-07-27T09:45:01 EDT" name="runScenario" description="Runs Cucumber Scenarios" data-provider="scenarios" finished-at="2023-07-27T09:45:02 EDT" duration-ms="199" status="PASS">
          <params>
            <param index="0">
              <value>
                <![CDATA["Get negative sceanrio  with programName"]]>
              </value>
            </param>
            <param index="1">
              <value>
                <![CDATA["Program module"]]>
              </value>
            </param>
          </params>
          <reporter-output>
          </reporter-output>
        </test-method> <!-- runScenario -->
        <test-method signature="runScenario(io.cucumber.testng.PickleWrapper,io.cucumber.testng.FeatureWrapper)[pri:0, instance:runner.LMSRestAssured_Runner@210ab13f]" started-at="2023-07-27T09:45:02 EDT" name="runScenario" description="Runs Cucumber Scenarios" data-provider="scenarios" finished-at="2023-07-27T09:45:02 EDT" duration-ms="257" status="FAIL">
          <params>
            <param index="0">
              <value>
                <![CDATA["Check if user able to update a program using valid program name"]]>
              </value>
            </param>
            <param index="1">
              <value>
                <![CDATA["Program module"]]>
              </value>
            </param>
          </params>
          <exception class="java.lang.AssertionError">
            <message>
              <![CDATA[1 expectation failed.
Expected status code <400> but was <500>.
]]>
            </message>
            <full-stacktrace>
              <![CDATA[java.lang.AssertionError: 1 expectation failed.
Expected status code <400> but was <500>.

at java.base/jdk.internal.reflect.DirectConstructorHandleAccessor.newInstance(DirectConstructorHandleAccessor.java:67)
at java.base/java.lang.reflect.Constructor.newInstanceWithCaller(Constructor.java:500)
at java.base/java.lang.reflect.Constructor.newInstance(Constructor.java:484)
at org.codehaus.groovy.reflection.CachedConstructor.invoke(CachedConstructor.java:73)
at org.codehaus.groovy.runtime.callsite.ConstructorSite$ConstructorSiteNoUnwrapNoCoerce.callConstructor(ConstructorSite.java:108)
at org.codehaus.groovy.runtime.callsite.CallSiteArray.defaultCallConstructor(CallSiteArray.java:57)
at org.codehaus.groovy.runtime.callsite.AbstractCallSite.callConstructor(AbstractCallSite.java:263)
at org.codehaus.groovy.runtime.callsite.AbstractCallSite.callConstructor(AbstractCallSite.java:277)
at io.restassured.internal.ResponseSpecificationImpl$HamcrestAssertionClosure.validate(ResponseSpecificationImpl.groovy:512)
at io.restassured.internal.ResponseSpecificationImpl$HamcrestAssertionClosure$validate$1.call(Unknown Source)
at io.restassured.internal.ResponseSpecificationImpl.validateResponseIfRequired(ResponseSpecificationImpl.groovy:696)
at io.restassured.internal.ResponseSpecificationImpl.this$2$validateResponseIfRequired(ResponseSpecificationImpl.groovy)
at java.base/jdk.internal.reflect.DirectMethodHandleAccessor.invoke(DirectMethodHandleAccessor.java:104)
at java.base/java.lang.reflect.Method.invoke(Method.java:578)
at org.codehaus.groovy.runtime.callsite.PlainObjectMetaMethodSite.doInvoke(PlainObjectMetaMethodSite.java:43)
at org.codehaus.groovy.runtime.callsite.PogoMetaMethodSite$PogoCachedMethodSiteNoUnwrapNoCoerce.invoke(PogoMetaMethodSite.java:198)
at org.codehaus.groovy.runtime.callsite.PogoMetaMethodSite.callCurrent(PogoMetaMethodSite.java:62)
at org.codehaus.groovy.runtime.callsite.AbstractCallSite.callCurrent(AbstractCallSite.java:185)
at io.restassured.internal.ResponseSpecificationImpl.statusCode(ResponseSpecificationImpl.groovy:135)
at io.restassured.specification.ResponseSpecification$statusCode$0.callCurrent(Unknown Source)
at io.restassured.internal.ResponseSpecificationImpl.statusCode(ResponseSpecificationImpl.groovy:143)
at io.restassured.internal.ValidatableResponseOptionsImpl.statusCode(ValidatableResponseOptionsImpl.java:89)
at stepdefinitions.Program_SD.user_receives_bad_request_status_with_message_and_boolean_success_details_for_program(Program_SD.java:348)
at ✽.User receives 400 Bad Request Status with message and boolean success details for program(file:///C:/Users/jsri3/WorkSpace/LMSRestAssured/src/test/resources/features/1_program.feature:58)
]]>
            </full-stacktrace>
          </exception> <!-- java.lang.AssertionError -->
          <reporter-output>
          </reporter-output>
        </test-method> <!-- runScenario -->
        <test-method signature="runScenario(io.cucumber.testng.PickleWrapper,io.cucumber.testng.FeatureWrapper)[pri:0, instance:runner.LMSRestAssured_Runner@210ab13f]" started-at="2023-07-27T09:45:02 EDT" name="runScenario" description="Runs Cucumber Scenarios" data-provider="scenarios" finished-at="2023-07-27T09:45:02 EDT" duration-ms="212" status="PASS">
          <params>
            <param index="0">
              <value>
                <![CDATA["Check if user able to update a program with invalid programID"]]>
              </value>
            </param>
            <param index="1">
              <value>
                <![CDATA["Program module"]]>
              </value>
            </param>
          </params>
          <reporter-output>
          </reporter-output>
        </test-method> <!-- runScenario -->
        <test-method signature="runScenario(io.cucumber.testng.PickleWrapper,io.cucumber.testng.FeatureWrapper)[pri:0, instance:runner.LMSRestAssured_Runner@210ab13f]" started-at="2023-07-27T09:45:02 EDT" name="runScenario" description="Runs Cucumber Scenarios" data-provider="scenarios" finished-at="2023-07-27T09:45:02 EDT" duration-ms="203" status="PASS">
          <params>
            <param index="0">
              <value>
                <![CDATA["user able to update a program  missing mandatory fields"]]>
              </value>
            </param>
            <param index="1">
              <value>
                <![CDATA["Program module"]]>
              </value>
            </param>
          </params>
          <reporter-output>
          </reporter-output>
        </test-method> <!-- runScenario -->
        <test-method signature="runScenario(io.cucumber.testng.PickleWrapper,io.cucumber.testng.FeatureWrapper)[pri:0, instance:runner.LMSRestAssured_Runner@210ab13f]" started-at="2023-07-27T09:45:02 EDT" name="runScenario" description="Runs Cucumber Scenarios" data-provider="scenarios" finished-at="2023-07-27T09:45:02 EDT" duration-ms="227" status="PASS">
          <params>
            <param index="0">
              <value>
                <![CDATA["Check if user able to update a program with valid programID"]]>
              </value>
            </param>
            <param index="1">
              <value>
                <![CDATA["Program module"]]>
              </value>
            </param>
          </params>
          <reporter-output>
          </reporter-output>
        </test-method> <!-- runScenario -->
        <test-method signature="runScenario(io.cucumber.testng.PickleWrapper,io.cucumber.testng.FeatureWrapper)[pri:0, instance:runner.LMSRestAssured_Runner@210ab13f]" started-at="2023-07-27T09:45:02 EDT" name="runScenario" description="Runs Cucumber Scenarios" data-provider="scenarios" finished-at="2023-07-27T09:45:03 EDT" duration-ms="186" status="PASS">
          <params>
            <param index="0">
              <value>
                <![CDATA["user is able to retrive with invalid prgramID"]]>
              </value>
            </param>
            <param index="1">
              <value>
                <![CDATA["Program module"]]>
              </value>
            </param>
          </params>
          <reporter-output>
          </reporter-output>
        </test-method> <!-- runScenario -->
        <test-method signature="runScenario(io.cucumber.testng.PickleWrapper,io.cucumber.testng.FeatureWrapper)[pri:0, instance:runner.LMSRestAssured_Runner@210ab13f]" started-at="2023-07-27T09:45:03 EDT" name="runScenario" description="Runs Cucumber Scenarios" data-provider="scenarios" finished-at="2023-07-27T09:45:03 EDT" duration-ms="301" status="PASS">
          <params>
            <param index="0">
              <value>
                <![CDATA["Create a Batch with valid endpoint and request body"]]>
              </value>
            </param>
            <param index="1">
              <value>
                <![CDATA["As a tester,I want to test and validate Program Batch Module"]]>
              </value>
            </param>
          </params>
          <reporter-output>
          </reporter-output>
        </test-method> <!-- runScenario -->
        <test-method signature="runScenario(io.cucumber.testng.PickleWrapper,io.cucumber.testng.FeatureWrapper)[pri:0, instance:runner.LMSRestAssured_Runner@210ab13f]" started-at="2023-07-27T09:45:03 EDT" name="runScenario" description="Runs Cucumber Scenarios" data-provider="scenarios" finished-at="2023-07-27T09:45:03 EDT" duration-ms="260" status="PASS">
          <params>
            <param index="0">
              <value>
                <![CDATA["Create a Batch with valid endpoint and request body"]]>
              </value>
            </param>
            <param index="1">
              <value>
                <![CDATA["As a tester,I want to test and validate Program Batch Module"]]>
              </value>
            </param>
          </params>
          <reporter-output>
          </reporter-output>
        </test-method> <!-- runScenario -->
        <test-method signature="runScenario(io.cucumber.testng.PickleWrapper,io.cucumber.testng.FeatureWrapper)[pri:0, instance:runner.LMSRestAssured_Runner@210ab13f]" started-at="2023-07-27T09:45:03 EDT" name="runScenario" description="Runs Cucumber Scenarios" data-provider="scenarios" finished-at="2023-07-27T09:45:03 EDT" duration-ms="200" status="PASS">
          <params>
            <param index="0">
              <value>
                <![CDATA["Check if user able to create a Batch with valid endpoint and request body (existing value in Batch Name)"]]>
              </value>
            </param>
            <param index="1">
              <value>
                <![CDATA["As a tester,I want to test and validate Program Batch Module"]]>
              </value>
            </param>
          </params>
          <reporter-output>
          </reporter-output>
        </test-method> <!-- runScenario -->
        <test-method signature="runScenario(io.cucumber.testng.PickleWrapper,io.cucumber.testng.FeatureWrapper)[pri:0, instance:runner.LMSRestAssured_Runner@210ab13f]" started-at="2023-07-27T09:45:03 EDT" name="runScenario" description="Runs Cucumber Scenarios" data-provider="scenarios" finished-at="2023-07-27T09:45:04 EDT" duration-ms="182" status="PASS">
          <params>
            <param index="0">
              <value>
                <![CDATA["Check if user able to create a Batch with valid endpoint and request body (existing value in Batch Name)"]]>
              </value>
            </param>
            <param index="1">
              <value>
                <![CDATA["As a tester,I want to test and validate Program Batch Module"]]>
              </value>
            </param>
          </params>
          <reporter-output>
          </reporter-output>
        </test-method> <!-- runScenario -->
        <test-method signature="runScenario(io.cucumber.testng.PickleWrapper,io.cucumber.testng.FeatureWrapper)[pri:0, instance:runner.LMSRestAssured_Runner@210ab13f]" started-at="2023-07-27T09:45:04 EDT" name="runScenario" description="Runs Cucumber Scenarios" data-provider="scenarios" finished-at="2023-07-27T09:45:04 EDT" duration-ms="450" status="PASS">
          <params>
            <param index="0">
              <value>
                <![CDATA["Check if user able to retrieve a batch with valid BATCH ID"]]>
              </value>
            </param>
            <param index="1">
              <value>
                <![CDATA["As a tester,I want to test and validate Program Batch Module"]]>
              </value>
            </param>
          </params>
          <reporter-output>
          </reporter-output>
        </test-method> <!-- runScenario -->
        <test-method signature="runScenario(io.cucumber.testng.PickleWrapper,io.cucumber.testng.FeatureWrapper)[pri:0, instance:runner.LMSRestAssured_Runner@210ab13f]" started-at="2023-07-27T09:45:04 EDT" name="runScenario" description="Runs Cucumber Scenarios" data-provider="scenarios" finished-at="2023-07-27T09:45:04 EDT" duration-ms="202" status="PASS">
          <params>
            <param index="0">
              <value>
                <![CDATA["Check if user able to retrieve a batch with invalid BATCH ID"]]>
              </value>
            </param>
            <param index="1">
              <value>
                <![CDATA["As a tester,I want to test and validate Program Batch Module"]]>
              </value>
            </param>
          </params>
          <reporter-output>
          </reporter-output>
        </test-method> <!-- runScenario -->
        <test-method signature="runScenario(io.cucumber.testng.PickleWrapper,io.cucumber.testng.FeatureWrapper)[pri:0, instance:runner.LMSRestAssured_Runner@210ab13f]" started-at="2023-07-27T09:45:04 EDT" name="runScenario" description="Runs Cucumber Scenarios" data-provider="scenarios" finished-at="2023-07-27T09:45:04 EDT" duration-ms="192" status="PASS">
          <params>
            <param index="0">
              <value>
                <![CDATA["Check if user able to retrieve a batch with valid BATCH NAME"]]>
              </value>
            </param>
            <param index="1">
              <value>
                <![CDATA["As a tester,I want to test and validate Program Batch Module"]]>
              </value>
            </param>
          </params>
          <reporter-output>
          </reporter-output>
        </test-method> <!-- runScenario -->
        <test-method signature="runScenario(io.cucumber.testng.PickleWrapper,io.cucumber.testng.FeatureWrapper)[pri:0, instance:runner.LMSRestAssured_Runner@210ab13f]" started-at="2023-07-27T09:45:04 EDT" name="runScenario" description="Runs Cucumber Scenarios" data-provider="scenarios" finished-at="2023-07-27T09:45:05 EDT" duration-ms="173" status="PASS">
          <params>
            <param index="0">
              <value>
                <![CDATA["Check if user able to retrieve a batch with invalid BATCH NAME"]]>
              </value>
            </param>
            <param index="1">
              <value>
                <![CDATA["As a tester,I want to test and validate Program Batch Module"]]>
              </value>
            </param>
          </params>
          <reporter-output>
          </reporter-output>
        </test-method> <!-- runScenario -->
        <test-method signature="runScenario(io.cucumber.testng.PickleWrapper,io.cucumber.testng.FeatureWrapper)[pri:0, instance:runner.LMSRestAssured_Runner@210ab13f]" started-at="2023-07-27T09:45:05 EDT" name="runScenario" description="Runs Cucumber Scenarios" data-provider="scenarios" finished-at="2023-07-27T09:45:05 EDT" duration-ms="159" status="PASS">
          <params>
            <param index="0">
              <value>
                <![CDATA["Check if user able to retrieve a batch with valid Program ID"]]>
              </value>
            </param>
            <param index="1">
              <value>
                <![CDATA["As a tester,I want to test and validate Program Batch Module"]]>
              </value>
            </param>
          </params>
          <reporter-output>
          </reporter-output>
        </test-method> <!-- runScenario -->
        <test-method signature="runScenario(io.cucumber.testng.PickleWrapper,io.cucumber.testng.FeatureWrapper)[pri:0, instance:runner.LMSRestAssured_Runner@210ab13f]" started-at="2023-07-27T09:45:05 EDT" name="runScenario" description="Runs Cucumber Scenarios" data-provider="scenarios" finished-at="2023-07-27T09:45:05 EDT" duration-ms="171" status="PASS">
          <params>
            <param index="0">
              <value>
                <![CDATA["Check if user able to retrieve a batch with invalid Program Id"]]>
              </value>
            </param>
            <param index="1">
              <value>
                <![CDATA["As a tester,I want to test and validate Program Batch Module"]]>
              </value>
            </param>
          </params>
          <reporter-output>
          </reporter-output>
        </test-method> <!-- runScenario -->
        <test-method signature="runScenario(io.cucumber.testng.PickleWrapper,io.cucumber.testng.FeatureWrapper)[pri:0, instance:runner.LMSRestAssured_Runner@210ab13f]" started-at="2023-07-27T09:45:05 EDT" name="runScenario" description="Runs Cucumber Scenarios" data-provider="scenarios" finished-at="2023-07-27T09:45:05 EDT" duration-ms="211" status="PASS">
          <params>
            <param index="0">
              <value>
                <![CDATA["Update a Batch with valid batchID and mandatory request body"]]>
              </value>
            </param>
            <param index="1">
              <value>
                <![CDATA["As a tester,I want to test and validate Program Batch Module"]]>
              </value>
            </param>
          </params>
          <reporter-output>
          </reporter-output>
        </test-method> <!-- runScenario -->
        <test-method signature="runScenario(io.cucumber.testng.PickleWrapper,io.cucumber.testng.FeatureWrapper)[pri:0, instance:runner.LMSRestAssured_Runner@210ab13f]" started-at="2023-07-27T09:45:05 EDT" name="runScenario" description="Runs Cucumber Scenarios" data-provider="scenarios" finished-at="2023-07-27T09:45:05 EDT" duration-ms="179" status="PASS">
          <params>
            <param index="0">
              <value>
                <![CDATA["Update a Batch with invalid batchID and mandatory request body"]]>
              </value>
            </param>
            <param index="1">
              <value>
                <![CDATA["As a tester,I want to test and validate Program Batch Module"]]>
              </value>
            </param>
          </params>
          <reporter-output>
          </reporter-output>
        </test-method> <!-- runScenario -->
        <test-method signature="runScenario(io.cucumber.testng.PickleWrapper,io.cucumber.testng.FeatureWrapper)[pri:0, instance:runner.LMSRestAssured_Runner@210ab13f]" started-at="2023-07-27T09:45:05 EDT" name="runScenario" description="Runs Cucumber Scenarios" data-provider="scenarios" finished-at="2023-07-27T09:45:06 EDT" duration-ms="204" status="PASS">
          <params>
            <param index="0">
              <value>
                <![CDATA["Check if user able to update a Batch with valid batchID and missing mandatory fields request body"]]>
              </value>
            </param>
            <param index="1">
              <value>
                <![CDATA["As a tester,I want to test and validate Program Batch Module"]]>
              </value>
            </param>
          </params>
          <reporter-output>
          </reporter-output>
        </test-method> <!-- runScenario -->
        <test-method is-config="true" signature="tearDownClass()[pri:0, instance:runner.LMSRestAssured_Runner@210ab13f]" started-at="2023-07-27T09:45:06 EDT" name="tearDownClass" finished-at="2023-07-27T09:45:06 EDT" duration-ms="183" status="PASS">
          <reporter-output>
          </reporter-output>
        </test-method> <!-- tearDownClass -->
      </class> <!-- runner.LMSRestAssured_Runner -->
    </test> <!-- Default test -->
  </suite> <!-- Default suite -->
</testng-results>
